<?xml version="1.0" encoding="UTF-8"?>
<testng-results skipped="0" failed="0" total="1" passed="1">
  <reporter-output>
  </reporter-output>
  <suite name="Default suite" duration-ms="603" started-at="2021-06-06T11:22:46Z" finished-at="2021-06-06T11:22:46Z">
    <groups>
    </groups>
    <test name="Default test" duration-ms="603" started-at="2021-06-06T11:22:46Z" finished-at="2021-06-06T11:22:46Z">
      <class name="SonarMavenProject.SonarMavenProject.TestNGDemo">
        <test-method status="PASS" signature="test01()[pri:0, instance:SonarMavenProject.SonarMavenProject.TestNGDemo@77caeb3e]" name="test01" duration-ms="554" started-at="2021-06-06T16:52:46Z" finished-at="2021-06-06T16:52:46Z">
          <reporter-output>
          </reporter-output>
        </test-method> <!-- test01 -->
      </class> <!-- SonarMavenProject.SonarMavenProject.TestNGDemo -->
    </test> <!-- Default test -->
  </suite> <!-- Default suite -->
</testng-results>
